
◆  Rendering PostSnag → D:\New folder\promo-kit\videos\PostSnag\renders\video.mp4
   30fps · high · auto workers (4 cores detected)
   GPU: browser GPU (auto-detect)

[?25l│
◇  Browser: cache
[?25h
  ⚠ [compositions/frames/01-hook.html] studio_missing_editable_id: <div class="hook-ground" data-start="0" data-track-index="0"> has no id, so Studio cannot use a stable edit target for its timeline and canvas controls.
    Fix: Add a stable, human-readable id such as id="hero-title" or id="scene-1-card" to every timeline-visible element you want agents or Studio to edit.
  ⚠ [compositions/frames/01-hook.html] studio_missing_editable_id: <div class="hook-stage" data-start="0" data-track-index="1"> has no id, so Studio cannot use a stable edit target for its timeline and canvas controls.
    Fix: Add a stable, human-readable id such as id="hero-title" or id="scene-1-card" to every timeline-visible element you want agents or Studio to edit.
  ⚠ [compositions/frames/02-intro.html] studio_missing_editable_id: <div class="intro-02-bg" data-start="0" data-track-index="0"> has no id, so Studio cannot use a stable edit target for its timeline and canvas controls.
    Fix: Add a stable, human-readable id such as id="hero-title" or id="scene-1-card" to every timeline-visible element you want agents or Studio to edit.
  ⚠ [compositions/frames/02-intro.html] studio_missing_editable_id: <div class="intro-02-content" data-start="0" data-track-index="1"> has no id, so Studio cannot use a stable edit target for its timeline and canvas controls.
    Fix: Add a stable, human-readable id such as id="hero-title" or id="scene-1-card" to every timeline-visible element you want agents or Studio to edit.
  ⚠ [compositions/frames/03-auto-capture.html] studio_missing_editable_id: <div class="fr3-bg" data-start="0" data-track-index="1"> has no id, so Studio cannot use a stable edit target for its timeline and canvas controls.
    Fix: Add a stable, human-readable id such as id="hero-title" or id="scene-1-card" to every timeline-visible element you want agents or Studio to edit.
  ⚠ [compositions/frames/03-auto-capture.html] studio_missing_editable_id: <div class="fr3-scene" data-start="0" data-track-index="2"> has no id, so Studio cannot use a stable edit target for its timeline and canvas controls.
    Fix: Add a stable, human-readable id such as id="hero-title" or id="scene-1-card" to every timeline-visible element you want agents or Studio to edit.
  ⚠ [compositions/frames/04-dashboard.html] studio_missing_editable_id: <section data-start="0" data-track-index="0"> has no id, so Studio cannot use a stable edit target for its timeline and canvas controls.
    Fix: Add a stable, human-readable id such as id="hero-title" or id="scene-1-card" to every timeline-visible element you want agents or Studio to edit.
  ⚠ [compositions/frames/05-discovery.html] studio_missing_editable_id: <div class="disc5-ground" data-start="0" data-track-index="0"> has no id, so Studio cannot use a stable edit target for its timeline and canvas controls.
    Fix: Add a stable, human-readable id such as id="hero-title" or id="scene-1-card" to every timeline-visible element you want agents or Studio to edit.
  ⚠ [compositions/frames/06-proof-montage.html] studio_missing_editable_id: <div class="pm6-bg" data-start="0" data-track-index="0"> has no id, so Studio cannot use a stable edit target for its timeline and canvas controls.
    Fix: Add a stable, human-readable id such as id="hero-title" or id="scene-1-card" to every timeline-visible element you want agents or Studio to edit.
  ⚠ [compositions/frames/06-proof-montage.html] studio_missing_editable_id: <div class="pm6-stage" data-start="0" data-track-index="1"> has no id, so Studio cannot use a stable edit target for its timeline and canvas controls.
    Fix: Add a stable, human-readable id such as id="hero-title" or id="scene-1-card" to every timeline-visible element you want agents or Studio to edit.
  ⚠ [compositions/frames/07-cta.html] studio_missing_editable_id: <div class="f7-bg" data-start="0" data-track-index="0"> has no id, so Studio cannot use a stable edit target for its timeline and canvas controls.
    Fix: Add a stable, human-readable id such as id="hero-title" or id="scene-1-card" to every timeline-visible element you want agents or Studio to edit.
  ⚠ [compositions/frames/07-cta.html] studio_missing_editable_id: <div data-start="0" data-track-index="1"> has no id, so Studio cannot use a stable edit target for its timeline and canvas controls.
    Fix: Add a stable, human-readable id such as id="hero-title" or id="scene-1-card" to every timeline-visible element you want agents or Studio to edit.
  ⚠ [compositions/frames/07-cta.html] duplicate_media_discovery_risk: Detected 2 matching img entries with the same source/start/duration.
    Fix: Avoid duplicated media nodes that can be discovered twice during compilation.
  Continuing render despite lint issues. Use --strict to block errors.

  Trying the experimental parallel drawElement capture path for this install (disabled automatically if it ever needs to fall back; opt out anytime: HF_DE_PARALLEL_ROUTER=false)
[INFO] [Render] Pipeline started {"renderJobId":"cc3629c8-09c4-404b-967e-742bceabce52","platform":"win32","arch":"x64","nodeVersion":"v24.18.0","fps":{"num":30,"den":1},"format":"mp4","quality":"high","browserGpuMode":"auto","forceScreenshot":false,"protocolTimeout":300000,"browserTimeout":120000,"pageNavigationTimeout":60000,"playerReadyTimeout":45000}
[INFO] [Render:trace] {"renderJobId":"cc3629c8-09c4-404b-967e-742bceabce52","phase":"pipeline","status":"checkpoint","elapsedMs":3,"message":"started","format":"mp4","quality":"high","browserGpuMode":"auto","forceScreenshot":false,"protocolTimeoutMs":300000,"pageNavigationTimeoutMs":60000,"playerReadyTimeoutMs":45000,"requestedWorkers":"auto"}
[INFO] [Render:trace] {"renderJobId":"cc3629c8-09c4-404b-967e-742bceabce52","phase":"compile","status":"start","elapsedMs":5,"needsAlpha":false}
  █░░░░░░░░░░░░░░░░░░░░░░░░  5%  Compiling composition
[INFO] [Compiler] Inlined CDN script: https://cdn.jsdelivr.net/npm/gsap@3.14.2/dist/gsap.min.js
[fontCompression] woff2 compression failed for woff font, embedding raw format
[INFO] [Compiler] Embedded local font file: assets/fonts/MonaSans-Regular.woff (26 KB → data URI)
[INFO] [Compiler] Embedded local font file: assets/fonts/MonaSans-Regular.woff2 (20 KB → data URI)
[INFO] Compiled composition metadata {"renderJobId":"cc3629c8-09c4-404b-967e-742bceabce52","entryFile":"index.html","staticDuration":49.258,"width":1920,"height":1080,"videoCount":2,"audioCount":20,"renderModeHints":{"recommendScreenshot":false,"reasons":[]}}
[INFO] [Render:trace] {"renderJobId":"cc3629c8-09c4-404b-967e-742bceabce52","phase":"compile","status":"end","elapsedMs":1015,"durationMs":1010,"needsAlpha":false}
[INFO] [Render:trace] {"renderJobId":"cc3629c8-09c4-404b-967e-742bceabce52","phase":"compile","status":"checkpoint","elapsedMs":1018,"message":"composition metadata resolved","width":1920,"height":1080,"videoCount":2,"audioCount":20,"imageCount":4,"deviceScaleFactor":1,"forceScreenshot":false,"compositionHash":"926706e3e604602a"}
[INFO] [Render:trace] {"renderJobId":"cc3629c8-09c4-404b-967e-742bceabce52","phase":"browser_probe","status":"start","elapsedMs":1018,"forceScreenshot":false,"stagePhase":"calibrating"}
[INFO] [Render:trace] {"renderJobId":"cc3629c8-09c4-404b-967e-742bceabce52","phase":"browser_probe","status":"end","elapsedMs":1095,"durationMs":77,"forceScreenshot":false,"stagePhase":"calibrating"}
[INFO] [Render:trace] {"renderJobId":"cc3629c8-09c4-404b-967e-742bceabce52","phase":"browser_probe","status":"checkpoint","elapsedMs":1098,"message":"duration resolved","durationSeconds":49.258,"totalFrames":1478,"compositionHash":"926706e3e604602a","beginFrameStalled":false}
[INFO] [Render:trace] {"renderJobId":"cc3629c8-09c4-404b-967e-742bceabce52","phase":"video_extract","status":"start","elapsedMs":1098,"videoCount":2}
[INFO] Probing video color spaces... {"renderJobId":"cc3629c8-09c4-404b-967e-742bceabce52","videoCount":2}
  ██░░░░░░░░░░░░░░░░░░░░░░░  10%  Extracting video frames
[INFO] Extracting frames from video 1/2: assets/Find_20the_20Best_20Posts_20on_20Any_20Facebook_20Profile.mp4 {"renderJobId":"cc3629c8-09c4-404b-967e-742bceabce52"}
[INFO] Extracting frames from video 2/2: assets/Postsnag_20Dashboard_20Demo.mp4 {"renderJobId":"cc3629c8-09c4-404b-967e-742bceabce52"}
[INFO] [Render:trace] {"renderJobId":"cc3629c8-09c4-404b-967e-742bceabce52","phase":"video_extract","status":"end","elapsedMs":1860,"durationMs":762,"videoCount":2}
[INFO] [Render:trace] {"renderJobId":"cc3629c8-09c4-404b-967e-742bceabce52","phase":"video_extract","status":"checkpoint","elapsedMs":1870,"message":"frames resolved","videoCount":2,"extractedVideoCount":2,"totalFramesExtracted":572,"maxFramesPerVideo":289,"avgFramesPerExtractedVideo":286,"vfrPreflightCount":0,"vfrPreflightMs":0,"cacheHits":2,"cacheMisses":0,"minVideoFrameCoverageRatio":0.996551724137931,"authoredTimedClipCount":42}
[INFO] [Render] No HDR sources detected — rendering SDR {"renderJobId":"cc3629c8-09c4-404b-967e-742bceabce52"}
[INFO] [Render:trace] {"renderJobId":"cc3629c8-09c4-404b-967e-742bceabce52","phase":"hdr_detection","status":"checkpoint","elapsedMs":1870,"message":"resolved","requestedHdrMode":"auto","effectiveHdr":"sdr","nativeHdrVideoCount":0,"nativeHdrImageCount":0}
[INFO] [Render:trace] {"renderJobId":"cc3629c8-09c4-404b-967e-742bceabce52","phase":"audio_process","status":"start","elapsedMs":1871,"audioCount":20}
  █████░░░░░░░░░░░░░░░░░░░░  20%  Processing audio tracks
[WARN] [Compiler] WARNING: Video "el-03-auto-capture-video-2" has sparse keyframes (max interval: 8.33s). This causes seek failures and frame freezing. Re-encode with: ffmpeg -i "assets/Find_20the_20Best_20Posts_20on_20Any_20Facebook_20Profile.mp4" -c:v libx264 -r 30 -g 30 -keyint_min 30 -movflags +faststart -c:a copy output.mp4
[WARN] [Compiler] WARNING: Video "el-04-dashboard-video-3" has sparse keyframes (max interval: 4.17s). This causes seek failures and frame freezing. Re-encode with: ffmpeg -i "assets/Postsnag_20Dashboard_20Demo.mp4" -c:v libx264 -r 30 -g 30 -keyint_min 30 -movflags +faststart -c:a copy output.mp4
[INFO] [Render:trace] {"renderJobId":"cc3629c8-09c4-404b-967e-742bceabce52","phase":"audio_process","status":"end","elapsedMs":4039,"durationMs":2168,"audioCount":20}
[INFO] [Render:trace] {"renderJobId":"cc3629c8-09c4-404b-967e-742bceabce52","phase":"file_server","status":"start","elapsedMs":4039,"reused":false}
  ██████░░░░░░░░░░░░░░░░░░░  25%  Starting frame capture
[INFO] [Render:trace] {"renderJobId":"cc3629c8-09c4-404b-967e-742bceabce52","phase":"file_server","status":"end","elapsedMs":4043,"durationMs":4}
[hyperframes] browserGpuMode auto → hardware (WebGL renderer vendor="Google Inc. (Intel)" renderer="ANGLE (Intel, Intel(R) UHD Graphics (0x00009A78) Direct3D11 vs_5_0 ps_5_0, D3D11)")
[INFO] [Render:trace] {"renderJobId":"cc3629c8-09c4-404b-967e-742bceabce52","phase":"capture_calibration","status":"start","elapsedMs":4600,"stagePhase":"calibrating","forceScreenshot":false,"totalFrames":1478,"framesCompleted":0,"captureMode":"beginframe","captureOperation":"beginFrame"}
[INFO] [Render] Calibration config {"renderJobId":"cc3629c8-09c4-404b-967e-742bceabce52","protocolTimeout":30000,"parentProtocolTimeout":300000,"forceScreenshot":false,"totalFrames":1478}
[INFO] Launching browser for capture calibration... {"renderJobId":"cc3629c8-09c4-404b-967e-742bceabce52"}
[BrowserManager] Browser launched (HeadlessChrome/152.0.7928.2, screenshot, gl=--use-gl=angle --use-angle=d3d11, headlessShell=true, platform=win32)
[INFO] Initializing calibration session... {"renderJobId":"cc3629c8-09c4-404b-967e-742bceabce52"}
[initSession:screenshot] page.goto start (0ms)
[non-blocking] Failed to load resource: net::ERR_INVALID_URL
[HyperFrames] render runtime fps [object Object]
[initSession:screenshot] page.goto complete (854ms)
[initSession:screenshot] GSAP proxy flush complete (955ms)
[initSession:screenshot] pollHfReady complete (973ms)
[initSession:screenshot] pollSubCompositionTimelines complete (ready) (1001ms)
[initSession:screenshot] applyVideoMetadataHints complete (1013ms)
[initSession:screenshot] media + fonts + tailwind ready (1022ms)
[initSession:screenshot] captureBeyondViewport downgraded: page content fits the capture viewport (1040ms)
[initSession:screenshot] static-frame dedup: disabled (before-capture hook / video injection active) (1041ms)
[INFO] Calibration session ready, capturing test frames... {"renderJobId":"cc3629c8-09c4-404b-967e-742bceabce52"}
[INFO] Calibration: capturing test frame 1/5... {"renderJobId":"cc3629c8-09c4-404b-967e-742bceabce52"}
[INFO] Calibration: capturing test frame 2/5... {"renderJobId":"cc3629c8-09c4-404b-967e-742bceabce52"}
[INFO] Calibration: capturing test frame 3/5... {"renderJobId":"cc3629c8-09c4-404b-967e-742bceabce52"}
[INFO] Calibration: capturing test frame 4/5... {"renderJobId":"cc3629c8-09c4-404b-967e-742bceabce52"}
[INFO] Calibration: capturing test frame 5/5... {"renderJobId":"cc3629c8-09c4-404b-967e-742bceabce52"}
[INFO] Calibration complete, estimated cost: 337ms/frame (p95) {"renderJobId":"cc3629c8-09c4-404b-967e-742bceabce52"}
[INFO] [Render:trace] {"renderJobId":"cc3629c8-09c4-404b-967e-742bceabce52","phase":"capture_calibration","status":"end","elapsedMs":7102,"durationMs":2502,"stagePhase":"calibrating","forceScreenshot":false,"totalFrames":1478,"framesCompleted":0,"captureMode":"beginframe","captureOperation":"beginFrame"}
[INFO] [Render:trace] {"renderJobId":"cc3629c8-09c4-404b-967e-742bceabce52","phase":"capture_calibration","status":"checkpoint","elapsedMs":7102,"message":"resolved","forceScreenshot":false,"multiplier":1,"p95Ms":337}
[INFO] [Render:trace] {"renderJobId":"cc3629c8-09c4-404b-967e-742bceabce52","phase":"worker_resolution","status":"checkpoint","elapsedMs":7103,"message":"resolved","workerCount":1}
[INFO] streaming-encode gate {"renderJobId":"cc3629c8-09c4-404b-967e-742bceabce52","enabled":true,"configFlag":true,"outputFormat":"mp4","workerCount":1,"durationSeconds":49.258,"maxDurationSeconds":240}
[INFO] [Render:trace] {"renderJobId":"cc3629c8-09c4-404b-967e-742bceabce52","phase":"capture_strategy","status":"checkpoint","elapsedMs":7104,"message":"resolved","workerCount":1,"forceScreenshot":false,"captureBeyondViewport":true,"useStreamingEncode":true,"useLayeredComposite":false,"usePageSideCompositing":false,"hasHdrContent":false,"hasShaderTransitions":false,"isPngSequence":false}
[INFO] [Render:trace] {"renderJobId":"cc3629c8-09c4-404b-967e-742bceabce52","phase":"capture_streaming","status":"start","elapsedMs":7104,"stagePhase":"capturing","workerCount":1,"forceScreenshot":false,"totalFrames":1478,"framesCompleted":0,"captureMode":"beginframe","captureOperation":"beginFrame"}
[BrowserManager] Browser launched (HeadlessChrome/152.0.7928.2, screenshot, gl=--use-gl=angle --use-angle=d3d11, headlessShell=true, platform=win32)
[initSession:screenshot] page.goto start (0ms)
[non-blocking] Failed to load resource: net::ERR_INVALID_URL
[HyperFrames] render runtime fps [object Object]
[initSession:screenshot] page.goto complete (750ms)
[initSession:screenshot] GSAP proxy flush complete (806ms)
[initSession:screenshot] pollHfReady complete (811ms)
[initSession:screenshot] pollSubCompositionTimelines complete (ready) (824ms)
[initSession:screenshot] applyVideoMetadataHints complete (829ms)
[initSession:screenshot] media + fonts + tailwind ready (845ms)
[initSession:screenshot] captureBeyondViewport downgraded: page content fits the capture viewport (930ms)
[initSession:screenshot] static-frame dedup: disabled (before-capture hook / video injection active) (930ms)
  ██████░░░░░░░░░░░░░░░░░░░  25%  Streaming frame 1/1478
  ██████░░░░░░░░░░░░░░░░░░░  25%  Streaming frame 2/1478
  ██████░░░░░░░░░░░░░░░░░░░  25%  Streaming frame 3/1478
  ██████░░░░░░░░░░░░░░░░░░░  25%  Streaming frame 4/1478
  ██████░░░░░░░░░░░░░░░░░░░  25%  Streaming frame 5/1478
  ██████░░░░░░░░░░░░░░░░░░░  25%  Streaming frame 6/1478
  ██████░░░░░░░░░░░░░░░░░░░  25%  Streaming frame 7/1478
  ██████░░░░░░░░░░░░░░░░░░░  25%  Streaming frame 8/1478
  ██████░░░░░░░░░░░░░░░░░░░  25%  Streaming frame 9/1478
  ██████░░░░░░░░░░░░░░░░░░░  25%  Streaming frame 10/1478
  ██████░░░░░░░░░░░░░░░░░░░  25%  Streaming frame 11/1478
  ██████░░░░░░░░░░░░░░░░░░░  25%  Streaming frame 12/1478
  ██████░░░░░░░░░░░░░░░░░░░  25%  Streaming frame 13/1478
  ██████░░░░░░░░░░░░░░░░░░░  26%  Streaming frame 14/1478
  ██████░░░░░░░░░░░░░░░░░░░  26%  Streaming frame 15/1478
  ██████░░░░░░░░░░░░░░░░░░░  26%  Streaming frame 16/1478
  ██████░░░░░░░░░░░░░░░░░░░  26%  Streaming frame 17/1478
  ██████░░░░░░░░░░░░░░░░░░░  26%  Streaming frame 18/1478
  ██████░░░░░░░░░░░░░░░░░░░  26%  Streaming frame 19/1478
  ██████░░░░░░░░░░░░░░░░░░░  26%  Streaming frame 20/1478
  ██████░░░░░░░░░░░░░░░░░░░  26%  Streaming frame 21/1478
  ██████░░░░░░░░░░░░░░░░░░░  26%  Streaming frame 22/1478
  ██████░░░░░░░░░░░░░░░░░░░  26%  Streaming frame 23/1478
  ██████░░░░░░░░░░░░░░░░░░░  26%  Streaming frame 24/1478
  ██████░░░░░░░░░░░░░░░░░░░  26%  Streaming frame 25/1478
  ██████░░░░░░░░░░░░░░░░░░░  26%  Streaming frame 26/1478
  ██████░░░░░░░░░░░░░░░░░░░  26%  Streaming frame 27/1478
  ██████░░░░░░░░░░░░░░░░░░░  26%  Streaming frame 28/1478
  ██████░░░░░░░░░░░░░░░░░░░  26%  Streaming frame 29/1478
  ██████░░░░░░░░░░░░░░░░░░░  26%  Streaming frame 30/1478
  ██████░░░░░░░░░░░░░░░░░░░  26%  Streaming frame 31/1478
  ██████░░░░░░░░░░░░░░░░░░░  26%  Streaming frame 32/1478
  ██████░░░░░░░░░░░░░░░░░░░  26%  Streaming frame 33/1478
  ██████░░░░░░░░░░░░░░░░░░░  26%  Streaming frame 34/1478
  ██████░░░░░░░░░░░░░░░░░░░  26%  Streaming frame 35/1478
  ██████░░░░░░░░░░░░░░░░░░░  26%  Streaming frame 36/1478
  ██████░░░░░░░░░░░░░░░░░░░  26%  Streaming frame 37/1478
  ██████░░░░░░░░░░░░░░░░░░░  26%  Streaming frame 38/1478
  ██████░░░░░░░░░░░░░░░░░░░  26%  Streaming frame 39/1478
  ██████░░░░░░░░░░░░░░░░░░░  26%  Streaming frame 40/1478
  ██████░░░░░░░░░░░░░░░░░░░  27%  Streaming frame 41/1478
  ██████░░░░░░░░░░░░░░░░░░░  27%  Streaming frame 42/1478
  ██████░░░░░░░░░░░░░░░░░░░  27%  Streaming frame 43/1478
  ██████░░░░░░░░░░░░░░░░░░░  27%  Streaming frame 44/1478
  ██████░░░░░░░░░░░░░░░░░░░  27%  Streaming frame 45/1478
  ██████░░░░░░░░░░░░░░░░░░░  27%  Streaming frame 46/1478
  ██████░░░░░░░░░░░░░░░░░░░  27%  Streaming frame 47/1478
  ██████░░░░░░░░░░░░░░░░░░░  27%  Streaming frame 48/1478
  ██████░░░░░░░░░░░░░░░░░░░  27%  Streaming frame 49/1478
  ██████░░░░░░░░░░░░░░░░░░░  27%  Streaming frame 50/1478
  ██████░░░░░░░░░░░░░░░░░░░  27%  Streaming frame 51/1478
  ██████░░░░░░░░░░░░░░░░░░░  27%  Streaming frame 52/1478
  ██████░░░░░░░░░░░░░░░░░░░  27%  Streaming frame 53/1478
  ██████░░░░░░░░░░░░░░░░░░░  27%  Streaming frame 54/1478
  ██████░░░░░░░░░░░░░░░░░░░  27%  Streaming frame 55/1478
  ██████░░░░░░░░░░░░░░░░░░░  27%  Streaming frame 56/1478
  ██████░░░░░░░░░░░░░░░░░░░  27%  Streaming frame 57/1478
  ██████░░░░░░░░░░░░░░░░░░░  27%  Streaming frame 58/1478
  ██████░░░░░░░░░░░░░░░░░░░  27%  Streaming frame 59/1478
  ██████░░░░░░░░░░░░░░░░░░░  27%  Streaming frame 60/1478
  ██████░░░░░░░░░░░░░░░░░░░  27%  Streaming frame 61/1478
  ██████░░░░░░░░░░░░░░░░░░░  27%  Streaming frame 62/1478
  ██████░░░░░░░░░░░░░░░░░░░  27%  Streaming frame 63/1478
  ██████░░░░░░░░░░░░░░░░░░░  27%  Streaming frame 64/1478
  ██████░░░░░░░░░░░░░░░░░░░  27%  Streaming frame 65/1478
  ██████░░░░░░░░░░░░░░░░░░░  27%  Streaming frame 66/1478
  ██████░░░░░░░░░░░░░░░░░░░  27%  Streaming frame 67/1478
  ███████░░░░░░░░░░░░░░░░░░  28%  Streaming frame 68/1478
  ███████░░░░░░░░░░░░░░░░░░  28%  Streaming frame 69/1478
  ███████░░░░░░░░░░░░░░░░░░  28%  Streaming frame 70/1478
  ███████░░░░░░░░░░░░░░░░░░  28%  Streaming frame 71/1478
  ███████░░░░░░░░░░░░░░░░░░  28%  Streaming frame 72/1478
  ███████░░░░░░░░░░░░░░░░░░  28%  Streaming frame 73/1478
  ███████░░░░░░░░░░░░░░░░░░  28%  Streaming frame 74/1478
  ███████░░░░░░░░░░░░░░░░░░  28%  Streaming frame 75/1478
  ███████░░░░░░░░░░░░░░░░░░  28%  Streaming frame 76/1478
  ███████░░░░░░░░░░░░░░░░░░  28%  Streaming frame 77/1478
  ███████░░░░░░░░░░░░░░░░░░  28%  Streaming frame 78/1478
  ███████░░░░░░░░░░░░░░░░░░  28%  Streaming frame 79/1478
  ███████░░░░░░░░░░░░░░░░░░  28%  Streaming frame 80/1478
  ███████░░░░░░░░░░░░░░░░░░  28%  Streaming frame 81/1478
  ███████░░░░░░░░░░░░░░░░░░  28%  Streaming frame 82/1478
  ███████░░░░░░░░░░░░░░░░░░  28%  Streaming frame 83/1478
  ███████░░░░░░░░░░░░░░░░░░  28%  Streaming frame 84/1478
  ███████░░░░░░░░░░░░░░░░░░  28%  Streaming frame 85/1478
  ███████░░░░░░░░░░░░░░░░░░  28%  Streaming frame 86/1478
  ███████░░░░░░░░░░░░░░░░░░  28%  Streaming frame 87/1478
  ███████░░░░░░░░░░░░░░░░░░  28%  Streaming frame 88/1478
  ███████░░░░░░░░░░░░░░░░░░  28%  Streaming frame 89/1478
  ███████░░░░░░░░░░░░░░░░░░  28%  Streaming frame 90/1478
  ███████░░░░░░░░░░░░░░░░░░  28%  Streaming frame 91/1478
  ███████░░░░░░░░░░░░░░░░░░  28%  Streaming frame 92/1478
  ███████░░░░░░░░░░░░░░░░░░  28%  Streaming frame 93/1478
  ███████░░░░░░░░░░░░░░░░░░  28%  Streaming frame 94/1478
  ███████░░░░░░░░░░░░░░░░░░  29%  Streaming frame 95/1478
  ███████░░░░░░░░░░░░░░░░░░  29%  Streaming frame 96/1478
  ███████░░░░░░░░░░░░░░░░░░  29%  Streaming frame 97/1478
  ███████░░░░░░░░░░░░░░░░░░  29%  Streaming frame 98/1478
  ███████░░░░░░░░░░░░░░░░░░  29%  Streaming frame 99/1478
  ███████░░░░░░░░░░░░░░░░░░  29%  Streaming frame 100/1478
  ███████░░░░░░░░░░░░░░░░░░  29%  Streaming frame 101/1478
  ███████░░░░░░░░░░░░░░░░░░  29%  Streaming frame 102/1478
  ███████░░░░░░░░░░░░░░░░░░  29%  Streaming frame 103/1478
  ███████░░░░░░░░░░░░░░░░░░  29%  Streaming frame 104/1478
  ███████░░░░░░░░░░░░░░░░░░  29%  Streaming frame 105/1478
  ███████░░░░░░░░░░░░░░░░░░  29%  Streaming frame 106/1478
  ███████░░░░░░░░░░░░░░░░░░  29%  Streaming frame 107/1478
  ███████░░░░░░░░░░░░░░░░░░  29%  Streaming frame 108/1478
  ███████░░░░░░░░░░░░░░░░░░  29%  Streaming frame 109/1478
  ███████░░░░░░░░░░░░░░░░░░  29%  Streaming frame 110/1478
  ███████░░░░░░░░░░░░░░░░░░  29%  Streaming frame 111/1478
  ███████░░░░░░░░░░░░░░░░░░  29%  Streaming frame 112/1478
  ███████░░░░░░░░░░░░░░░░░░  29%  Streaming frame 113/1478
  ███████░░░░░░░░░░░░░░░░░░  29%  Streaming frame 114/1478
  ███████░░░░░░░░░░░░░░░░░░  29%  Streaming frame 115/1478
  ███████░░░░░░░░░░░░░░░░░░  29%  Streaming frame 116/1478
  ███████░░░░░░░░░░░░░░░░░░  29%  Streaming frame 117/1478
  ███████░░░░░░░░░░░░░░░░░░  29%  Streaming frame 118/1478
  ███████░░░░░░░░░░░░░░░░░░  29%  Streaming frame 119/1478
  ███████░░░░░░░░░░░░░░░░░░  29%  Streaming frame 120/1478
  ███████░░░░░░░░░░░░░░░░░░  30%  Streaming frame 121/1478
  ███████░░░░░░░░░░░░░░░░░░  30%  Streaming frame 122/1478
  ███████░░░░░░░░░░░░░░░░░░  30%  Streaming frame 123/1478
  ███████░░░░░░░░░░░░░░░░░░  30%  Streaming frame 124/1478
  ███████░░░░░░░░░░░░░░░░░░  30%  Streaming frame 125/1478
  ███████░░░░░░░░░░░░░░░░░░  30%  Streaming frame 126/1478
  ███████░░░░░░░░░░░░░░░░░░  30%  Streaming frame 127/1478
  ███████░░░░░░░░░░░░░░░░░░  30%  Streaming frame 128/1478
  ███████░░░░░░░░░░░░░░░░░░  30%  Streaming frame 129/1478
  ███████░░░░░░░░░░░░░░░░░░  30%  Streaming frame 130/1478
  ███████░░░░░░░░░░░░░░░░░░  30%  Streaming frame 131/1478
  ███████░░░░░░░░░░░░░░░░░░  30%  Streaming frame 132/1478
  ███████░░░░░░░░░░░░░░░░░░  30%  Streaming frame 133/1478
  ███████░░░░░░░░░░░░░░░░░░  30%  Streaming frame 134/1478
  ███████░░░░░░░░░░░░░░░░░░  30%  Streaming frame 135/1478
  ███████░░░░░░░░░░░░░░░░░░  30%  Streaming frame 136/1478
  ███████░░░░░░░░░░░░░░░░░░  30%  Streaming frame 137/1478
  ███████░░░░░░░░░░░░░░░░░░  30%  Streaming frame 138/1478
  ███████░░░░░░░░░░░░░░░░░░  30%  Streaming frame 139/1478
  ███████░░░░░░░░░░░░░░░░░░  30%  Streaming frame 140/1478
  ███████░░░░░░░░░░░░░░░░░░  30%  Streaming frame 141/1478
  ███████░░░░░░░░░░░░░░░░░░  30%  Streaming frame 142/1478
  ███████░░░░░░░░░░░░░░░░░░  30%  Streaming frame 143/1478
  ███████░░░░░░░░░░░░░░░░░░  30%  Streaming frame 144/1478
  ███████░░░░░░░░░░░░░░░░░░  30%  Streaming frame 145/1478
  ███████░░░░░░░░░░░░░░░░░░  30%  Streaming frame 146/1478
  ███████░░░░░░░░░░░░░░░░░░  30%  Streaming frame 147/1478
  ███████░░░░░░░░░░░░░░░░░░  31%  Streaming frame 148/1478
  ███████░░░░░░░░░░░░░░░░░░  31%  Streaming frame 149/1478
  ███████░░░░░░░░░░░░░░░░░░  31%  Streaming frame 150/1478
  ███████░░░░░░░░░░░░░░░░░░  31%  Streaming frame 151/1478
  ███████░░░░░░░░░░░░░░░░░░  31%  Streaming frame 152/1478
  ███████░░░░░░░░░░░░░░░░░░  31%  Streaming frame 153/1478
  ███████░░░░░░░░░░░░░░░░░░  31%  Streaming frame 154/1478
  ███████░░░░░░░░░░░░░░░░░░  31%  Streaming frame 155/1478
  ███████░░░░░░░░░░░░░░░░░░  31%  Streaming frame 156/1478
  ███████░░░░░░░░░░░░░░░░░░  31%  Streaming frame 157/1478
  ███████░░░░░░░░░░░░░░░░░░  31%  Streaming frame 158/1478
  ███████░░░░░░░░░░░░░░░░░░  31%  Streaming frame 159/1478
  ███████░░░░░░░░░░░░░░░░░░  31%  Streaming frame 160/1478
  ███████░░░░░░░░░░░░░░░░░░  31%  Streaming frame 161/1478
  ███████░░░░░░░░░░░░░░░░░░  31%  Streaming frame 162/1478
  ███████░░░░░░░░░░░░░░░░░░  31%  Streaming frame 163/1478
  ███████░░░░░░░░░░░░░░░░░░  31%  Streaming frame 164/1478
  ███████░░░░░░░░░░░░░░░░░░  31%  Streaming frame 165/1478
  ███████░░░░░░░░░░░░░░░░░░  31%  Streaming frame 166/1478
  ███████░░░░░░░░░░░░░░░░░░  31%  Streaming frame 167/1478
  ███████░░░░░░░░░░░░░░░░░░  31%  Streaming frame 168/1478
  ███████░░░░░░░░░░░░░░░░░░  31%  Streaming frame 169/1478
  ███████░░░░░░░░░░░░░░░░░░  31%  Streaming frame 170/1478
  ███████░░░░░░░░░░░░░░░░░░  31%  Streaming frame 171/1478
  ███████░░░░░░░░░░░░░░░░░░  31%  Streaming frame 172/1478
  ███████░░░░░░░░░░░░░░░░░░  31%  Streaming frame 173/1478
  ███████░░░░░░░░░░░░░░░░░░  31%  Streaming frame 174/1478
  ████████░░░░░░░░░░░░░░░░░  32%  Streaming frame 175/1478
  ████████░░░░░░░░░░░░░░░░░  32%  Streaming frame 176/1478
  ████████░░░░░░░░░░░░░░░░░  32%  Streaming frame 177/1478
  ████████░░░░░░░░░░░░░░░░░  32%  Streaming frame 178/1478
  ████████░░░░░░░░░░░░░░░░░  32%  Streaming frame 179/1478
  ████████░░░░░░░░░░░░░░░░░  32%  Streaming frame 180/1478
  ████████░░░░░░░░░░░░░░░░░  32%  Streaming frame 181/1478
  ████████░░░░░░░░░░░░░░░░░  32%  Streaming frame 182/1478
  ████████░░░░░░░░░░░░░░░░░  32%  Streaming frame 183/1478
  ████████░░░░░░░░░░░░░░░░░  32%  Streaming frame 184/1478
  ████████░░░░░░░░░░░░░░░░░  32%  Streaming frame 185/1478
  ████████░░░░░░░░░░░░░░░░░  32%  Streaming frame 186/1478
  ████████░░░░░░░░░░░░░░░░░  32%  Streaming frame 187/1478
  ████████░░░░░░░░░░░░░░░░░  32%  Streaming frame 188/1478
  ████████░░░░░░░░░░░░░░░░░  32%  Streaming frame 189/1478
  ████████░░░░░░░░░░░░░░░░░  32%  Streaming frame 190/1478
  ████████░░░░░░░░░░░░░░░░░  32%  Streaming frame 191/1478
  ████████░░░░░░░░░░░░░░░░░  32%  Streaming frame 192/1478
  ████████░░░░░░░░░░░░░░░░░  32%  Streaming frame 193/1478
  ████████░░░░░░░░░░░░░░░░░  32%  Streaming frame 194/1478
  ████████░░░░░░░░░░░░░░░░░  32%  Streaming frame 195/1478
  ████████░░░░░░░░░░░░░░░░░  32%  Streaming frame 196/1478
  ████████░░░░░░░░░░░░░░░░░  32%  Streaming frame 197/1478
  ████████░░░░░░░░░░░░░░░░░  32%  Streaming frame 198/1478
  ████████░░░░░░░░░░░░░░░░░  32%  Streaming frame 199/1478
  ████████░░░░░░░░░░░░░░░░░  32%  Streaming frame 200/1478
  ████████░░░░░░░░░░░░░░░░░  32%  Streaming frame 201/1478
  ████████░░░░░░░░░░░░░░░░░  33%  Streaming frame 202/1478
  ████████░░░░░░░░░░░░░░░░░  33%  Streaming frame 203/1478
  ████████░░░░░░░░░░░░░░░░░  33%  Streaming frame 204/1478
  ████████░░░░░░░░░░░░░░░░░  33%  Streaming frame 205/1478
  ████████░░░░░░░░░░░░░░░░░  33%  Streaming frame 206/1478
  ████████░░░░░░░░░░░░░░░░░  33%  Streaming frame 207/1478
  ████████░░░░░░░░░░░░░░░░░  33%  Streaming frame 208/1478
  ████████░░░░░░░░░░░░░░░░░  33%  Streaming frame 209/1478
  ████████░░░░░░░░░░░░░░░░░  33%  Streaming frame 210/1478
  ████████░░░░░░░░░░░░░░░░░  33%  Streaming frame 211/1478
  ████████░░░░░░░░░░░░░░░░░  33%  Streaming frame 212/1478
  ████████░░░░░░░░░░░░░░░░░  33%  Streaming frame 213/1478
  ████████░░░░░░░░░░░░░░░░░  33%  Streaming frame 214/1478
  ████████░░░░░░░░░░░░░░░░░  33%  Streaming frame 215/1478
  ████████░░░░░░░░░░░░░░░░░  33%  Streaming frame 216/1478
  ████████░░░░░░░░░░░░░░░░░  33%  Streaming frame 217/1478
  ████████░░░░░░░░░░░░░░░░░  33%  Streaming frame 218/1478
  ████████░░░░░░░░░░░░░░░░░  33%  Streaming frame 219/1478
  ████████░░░░░░░░░░░░░░░░░  33%  Streaming frame 220/1478
  ████████░░░░░░░░░░░░░░░░░  33%  Streaming frame 221/1478
  ████████░░░░░░░░░░░░░░░░░  33%  Streaming frame 222/1478
  ████████░░░░░░░░░░░░░░░░░  33%  Streaming frame 223/1478
  ████████░░░░░░░░░░░░░░░░░  33%  Streaming frame 224/1478
  ████████░░░░░░░░░░░░░░░░░  33%  Streaming frame 225/1478
  ████████░░░░░░░░░░░░░░░░░  33%  Streaming frame 226/1478
  ████████░░░░░░░░░░░░░░░░░  33%  Streaming frame 227/1478
  ████████░░░░░░░░░░░░░░░░░  33%  Streaming frame 228/1478
  ████████░░░░░░░░░░░░░░░░░  34%  Streaming frame 229/1478
  ████████░░░░░░░░░░░░░░░░░  34%  Streaming frame 230/1478
  ████████░░░░░░░░░░░░░░░░░  34%  Streaming frame 231/1478
  ████████░░░░░░░░░░░░░░░░░  34%  Streaming frame 232/1478
  ████████░░░░░░░░░░░░░░░░░  34%  Streaming frame 233/1478
  ████████░░░░░░░░░░░░░░░░░  34%  Streaming frame 234/1478
  ████████░░░░░░░░░░░░░░░░░  34%  Streaming frame 235/1478
  ████████░░░░░░░░░░░░░░░░░  34%  Streaming frame 236/1478
  ████████░░░░░░░░░░░░░░░░░  34%  Streaming frame 237/1478
  ████████░░░░░░░░░░░░░░░░░  34%  Streaming frame 238/1478
  ████████░░░░░░░░░░░░░░░░░  34%  Streaming frame 239/1478
  ████████░░░░░░░░░░░░░░░░░  34%  Streaming frame 240/1478
  ████████░░░░░░░░░░░░░░░░░  34%  Streaming frame 241/1478
  ████████░░░░░░░░░░░░░░░░░  34%  Streaming frame 242/1478
  ████████░░░░░░░░░░░░░░░░░  34%  Streaming frame 243/1478
  ████████░░░░░░░░░░░░░░░░░  34%  Streaming frame 244/1478
  ████████░░░░░░░░░░░░░░░░░  34%  Streaming frame 245/1478
  ████████░░░░░░░░░░░░░░░░░  34%  Streaming frame 246/1478
  ████████░░░░░░░░░░░░░░░░░  34%  Streaming frame 247/1478
  ████████░░░░░░░░░░░░░░░░░  34%  Streaming frame 248/1478
  ████████░░░░░░░░░░░░░░░░░  34%  Streaming frame 249/1478
  ████████░░░░░░░░░░░░░░░░░  34%  Streaming frame 250/1478
  ████████░░░░░░░░░░░░░░░░░  34%  Streaming frame 251/1478
  ████████░░░░░░░░░░░░░░░░░  34%  Streaming frame 252/1478
  ████████░░░░░░░░░░░░░░░░░  34%  Streaming frame 253/1478
  ████████░░░░░░░░░░░░░░░░░  34%  Streaming frame 254/1478
  ████████░░░░░░░░░░░░░░░░░  34%  Streaming frame 255/1478
  ████████░░░░░░░░░░░░░░░░░  35%  Streaming frame 256/1478
  ████████░░░░░░░░░░░░░░░░░  35%  Streaming frame 257/1478
  ████████░░░░░░░░░░░░░░░░░  35%  Streaming frame 258/1478
  ████████░░░░░░░░░░░░░░░░░  35%  Streaming frame 259/1478
  ████████░░░░░░░░░░░░░░░░░  35%  Streaming frame 260/1478
  ████████░░░░░░░░░░░░░░░░░  35%  Streaming frame 261/1478
  ████████░░░░░░░░░░░░░░░░░  35%  Streaming frame 262/1478
  ████████░░░░░░░░░░░░░░░░░  35%  Streaming frame 263/1478
  ████████░░░░░░░░░░░░░░░░░  35%  Streaming frame 264/1478
  ████████░░░░░░░░░░░░░░░░░  35%  Streaming frame 265/1478
  ████████░░░░░░░░░░░░░░░░░  35%  Streaming frame 266/1478
  ████████░░░░░░░░░░░░░░░░░  35%  Streaming frame 267/1478
  ████████░░░░░░░░░░░░░░░░░  35%  Streaming frame 268/1478
  ████████░░░░░░░░░░░░░░░░░  35%  Streaming frame 269/1478
  ████████░░░░░░░░░░░░░░░░░  35%  Streaming frame 270/1478
  ████████░░░░░░░░░░░░░░░░░  35%  Streaming frame 271/1478
  ████████░░░░░░░░░░░░░░░░░  35%  Streaming frame 272/1478
  ████████░░░░░░░░░░░░░░░░░  35%  Streaming frame 273/1478
  ████████░░░░░░░░░░░░░░░░░  35%  Streaming frame 274/1478
  ████████░░░░░░░░░░░░░░░░░  35%  Streaming frame 275/1478
  ████████░░░░░░░░░░░░░░░░░  35%  Streaming frame 276/1478
  ████████░░░░░░░░░░░░░░░░░  35%  Streaming frame 277/1478
  ████████░░░░░░░░░░░░░░░░░  35%  Streaming frame 278/1478
  ████████░░░░░░░░░░░░░░░░░  35%  Streaming frame 279/1478
  ████████░░░░░░░░░░░░░░░░░  35%  Streaming frame 280/1478
  ████████░░░░░░░░░░░░░░░░░  35%  Streaming frame 281/1478
  ████████░░░░░░░░░░░░░░░░░  35%  Streaming frame 282/1478
  █████████░░░░░░░░░░░░░░░░  36%  Streaming frame 283/1478
  █████████░░░░░░░░░░░░░░░░  36%  Streaming frame 284/1478
  █████████░░░░░░░░░░░░░░░░  36%  Streaming frame 285/1478
  █████████░░░░░░░░░░░░░░░░  36%  Streaming frame 286/1478
  █████████░░░░░░░░░░░░░░░░  36%  Streaming frame 287/1478
  █████████░░░░░░░░░░░░░░░░  36%  Streaming frame 288/1478
  █████████░░░░░░░░░░░░░░░░  36%  Streaming frame 289/1478
  █████████░░░░░░░░░░░░░░░░  36%  Streaming frame 290/1478
  █████████░░░░░░░░░░░░░░░░  36%  Streaming frame 291/1478
  █████████░░░░░░░░░░░░░░░░  36%  Streaming frame 292/1478
  █████████░░░░░░░░░░░░░░░░  36%  Streaming frame 293/1478
  █████████░░░░░░░░░░░░░░░░  36%  Streaming frame 294/1478
  █████████░░░░░░░░░░░░░░░░  36%  Streaming frame 295/1478
  █████████░░░░░░░░░░░░░░░░  36%  Streaming frame 296/1478
  █████████░░░░░░░░░░░░░░░░  36%  Streaming frame 297/1478
  █████████░░░░░░░░░░░░░░░░  36%  Streaming frame 298/1478
  █████████░░░░░░░░░░░░░░░░  36%  Streaming frame 299/1478
  █████████░░░░░░░░░░░░░░░░  36%  Streaming frame 300/1478
  █████████░░░░░░░░░░░░░░░░  36%  Streaming frame 301/1478
  █████████░░░░░░░░░░░░░░░░  36%  Streaming frame 302/1478
  █████████░░░░░░░░░░░░░░░░  36%  Streaming frame 303/1478
  █████████░░░░░░░░░░░░░░░░  36%  Streaming frame 304/1478
  █████████░░░░░░░░░░░░░░░░  36%  Streaming frame 305/1478
  █████████░░░░░░░░░░░░░░░░  36%  Streaming frame 306/1478
  █████████░░░░░░░░░░░░░░░░  36%  Streaming frame 307/1478
  █████████░░░░░░░░░░░░░░░░  36%  Streaming frame 308/1478
  █████████░░░░░░░░░░░░░░░░  36%  Streaming frame 309/1478
  █████████░░░░░░░░░░░░░░░░  37%  Streaming frame 310/1478
  █████████░░░░░░░░░░░░░░░░  37%  Streaming frame 311/1478
  █████████░░░░░░░░░░░░░░░░  37%  Streaming frame 312/1478
  █████████░░░░░░░░░░░░░░░░  37%  Streaming frame 313/1478
  █████████░░░░░░░░░░░░░░░░  37%  Streaming frame 314/1478
  █████████░░░░░░░░░░░░░░░░  37%  Streaming frame 315/1478
  █████████░░░░░░░░░░░░░░░░  37%  Streaming frame 316/1478
  █████████░░░░░░░░░░░░░░░░  37%  Streaming frame 317/1478
  █████████░░░░░░░░░░░░░░░░  37%  Streaming frame 318/1478
  █████████░░░░░░░░░░░░░░░░  37%  Streaming frame 319/1478
  █████████░░░░░░░░░░░░░░░░  37%  Streaming frame 320/1478
  █████████░░░░░░░░░░░░░░░░  37%  Streaming frame 321/1478
  █████████░░░░░░░░░░░░░░░░  37%  Streaming frame 322/1478
  █████████░░░░░░░░░░░░░░░░  37%  Streaming frame 323/1478
  █████████░░░░░░░░░░░░░░░░  37%  Streaming frame 324/1478
  █████████░░░░░░░░░░░░░░░░  37%  Streaming frame 325/1478
  █████████░░░░░░░░░░░░░░░░  37%  Streaming frame 326/1478
  █████████░░░░░░░░░░░░░░░░  37%  Streaming frame 327/1478
  █████████░░░░░░░░░░░░░░░░  37%  Streaming frame 328/1478
  █████████░░░░░░░░░░░░░░░░  37%  Streaming frame 329/1478
  █████████░░░░░░░░░░░░░░░░  37%  Streaming frame 330/1478
  █████████░░░░░░░░░░░░░░░░  37%  Streaming frame 331/1478
  █████████░░░░░░░░░░░░░░░░  37%  Streaming frame 332/1478
  █████████░░░░░░░░░░░░░░░░  37%  Streaming frame 333/1478
  █████████░░░░░░░░░░░░░░░░  37%  Streaming frame 334/1478
  █████████░░░░░░░░░░░░░░░░  37%  Streaming frame 335/1478
  █████████░░░░░░░░░░░░░░░░  38%  Streaming frame 336/1478
  █████████░░░░░░░░░░░░░░░░  38%  Streaming frame 337/1478
  █████████░░░░░░░░░░░░░░░░  38%  Streaming frame 338/1478
  █████████░░░░░░░░░░░░░░░░  38%  Streaming frame 339/1478
  █████████░░░░░░░░░░░░░░░░  38%  Streaming frame 340/1478
  █████████░░░░░░░░░░░░░░░░  38%  Streaming frame 341/1478
  █████████░░░░░░░░░░░░░░░░  38%  Streaming frame 342/1478
  █████████░░░░░░░░░░░░░░░░  38%  Streaming frame 343/1478
  █████████░░░░░░░░░░░░░░░░  38%  Streaming frame 344/1478
  █████████░░░░░░░░░░░░░░░░  38%  Streaming frame 345/1478
  █████████░░░░░░░░░░░░░░░░  38%  Streaming frame 346/1478
  █████████░░░░░░░░░░░░░░░░  38%  Streaming frame 347/1478
  █████████░░░░░░░░░░░░░░░░  38%  Streaming frame 348/1478
  █████████░░░░░░░░░░░░░░░░  38%  Streaming frame 349/1478
  █████████░░░░░░░░░░░░░░░░  38%  Streaming frame 350/1478
  █████████░░░░░░░░░░░░░░░░  38%  Streaming frame 351/1478
  █████████░░░░░░░░░░░░░░░░  38%  Streaming frame 352/1478
  █████████░░░░░░░░░░░░░░░░  38%  Streaming frame 353/1478
  █████████░░░░░░░░░░░░░░░░  38%  Streaming frame 354/1478
  █████████░░░░░░░░░░░░░░░░  38%  Streaming frame 355/1478
  █████████░░░░░░░░░░░░░░░░  38%  Streaming frame 356/1478
  █████████░░░░░░░░░░░░░░░░  38%  Streaming frame 357/1478
  █████████░░░░░░░░░░░░░░░░  38%  Streaming frame 358/1478
  █████████░░░░░░░░░░░░░░░░  38%  Streaming frame 359/1478
  █████████░░░░░░░░░░░░░░░░  38%  Streaming frame 360/1478
  █████████░░░░░░░░░░░░░░░░  38%  Streaming frame 361/1478
  █████████░░░░░░░░░░░░░░░░  38%  Streaming frame 362/1478
  █████████░░░░░░░░░░░░░░░░  39%  Streaming frame 363/1478
[INFO] [Render:trace] {"renderJobId":"cc3629c8-09c4-404b-967e-742bceabce52","phase":"capture_streaming","status":"checkpoint","elapsedMs":37115,"message":"stage still running","stagePhase":"capturing","workerCount":1,"forceScreenshot":false,"totalFrames":1478,"framesCompleted":363,"captureMode":"beginframe","captureOperation":"beginFrame","heartbeatIndex":1,"stageElapsedMs":30011}
  █████████░░░░░░░░░░░░░░░░  39%  Streaming frame 364/1478
  █████████░░░░░░░░░░░░░░░░  39%  Streaming frame 365/1478
  █████████░░░░░░░░░░░░░░░░  39%  Streaming frame 366/1478
  █████████░░░░░░░░░░░░░░░░  39%  Streaming frame 367/1478
  █████████░░░░░░░░░░░░░░░░  39%  Streaming frame 368/1478
  █████████░░░░░░░░░░░░░░░░  39%  Streaming frame 369/1478
  █████████░░░░░░░░░░░░░░░░  39%  Streaming frame 370/1478
  █████████░░░░░░░░░░░░░░░░  39%  Streaming frame 371/1478
  █████████░░░░░░░░░░░░░░░░  39%  Streaming frame 372/1478
  █████████░░░░░░░░░░░░░░░░  39%  Streaming frame 373/1478
  █████████░░░░░░░░░░░░░░░░  39%  Streaming frame 374/1478
  █████████░░░░░░░░░░░░░░░░  39%  Streaming frame 375/1478
  █████████░░░░░░░░░░░░░░░░  39%  Streaming frame 376/1478
  █████████░░░░░░░░░░░░░░░░  39%  Streaming frame 377/1478
  █████████░░░░░░░░░░░░░░░░  39%  Streaming frame 378/1478
  █████████░░░░░░░░░░░░░░░░  39%  Streaming frame 379/1478
  █████████░░░░░░░░░░░░░░░░  39%  Streaming frame 380/1478
  █████████░░░░░░░░░░░░░░░░  39%  Streaming frame 381/1478
  █████████░░░░░░░░░░░░░░░░  39%  Streaming frame 382/1478
  █████████░░░░░░░░░░░░░░░░  39%  Streaming frame 383/1478
  █████████░░░░░░░░░░░░░░░░  39%  Streaming frame 384/1478
  █████████░░░░░░░░░░░░░░░░  39%  Streaming frame 385/1478
  █████████░░░░░░░░░░░░░░░░  39%  Streaming frame 386/1478
  █████████░░░░░░░░░░░░░░░░  39%  Streaming frame 387/1478
  █████████░░░░░░░░░░░░░░░░  39%  Streaming frame 388/1478
  █████████░░░░░░░░░░░░░░░░  39%  Streaming frame 389/1478
  ██████████░░░░░░░░░░░░░░░  40%  Streaming frame 390/1478
  ██████████░░░░░░░░░░░░░░░  40%  Streaming frame 391/1478
  ██████████░░░░░░░░░░░░░░░  40%  Streaming frame 392/1478
  ██████████░░░░░░░░░░░░░░░  40%  Streaming frame 393/1478
  ██████████░░░░░░░░░░░░░░░  40%  Streaming frame 394/1478
  ██████████░░░░░░░░░░░░░░░  40%  Streaming frame 395/1478
  ██████████░░░░░░░░░░░░░░░  40%  Streaming frame 396/1478
  ██████████░░░░░░░░░░░░░░░  40%  Streaming frame 397/1478
  ██████████░░░░░░░░░░░░░░░  40%  Streaming frame 398/1478
  ██████████░░░░░░░░░░░░░░░  40%  Streaming frame 399/1478
  ██████████░░░░░░░░░░░░░░░  40%  Streaming frame 400/1478
  ██████████░░░░░░░░░░░░░░░  40%  Streaming frame 401/1478
  ██████████░░░░░░░░░░░░░░░  40%  Streaming frame 402/1478
  ██████████░░░░░░░░░░░░░░░  40%  Streaming frame 403/1478
  ██████████░░░░░░░░░░░░░░░  40%  Streaming frame 404/1478
  ██████████░░░░░░░░░░░░░░░  40%  Streaming frame 405/1478
  ██████████░░░░░░░░░░░░░░░  40%  Streaming frame 406/1478
  ██████████░░░░░░░░░░░░░░░  40%  Streaming frame 407/1478
  ██████████░░░░░░░░░░░░░░░  40%  Streaming frame 408/1478
  ██████████░░░░░░░░░░░░░░░  40%  Streaming frame 409/1478
  ██████████░░░░░░░░░░░░░░░  40%  Streaming frame 410/1478
  ██████████░░░░░░░░░░░░░░░  40%  Streaming frame 411/1478
  ██████████░░░░░░░░░░░░░░░  40%  Streaming frame 412/1478
  ██████████░░░░░░░░░░░░░░░  40%  Streaming frame 413/1478
  ██████████░░░░░░░░░░░░░░░  40%  Streaming frame 414/1478
  ██████████░░░░░░░░░░░░░░░  40%  Streaming frame 415/1478
  ██████████░░░░░░░░░░░░░░░  40%  Streaming frame 416/1478
  ██████████░░░░░░░░░░░░░░░  41%  Streaming frame 417/1478
  ██████████░░░░░░░░░░░░░░░  41%  Streaming frame 418/1478
  ██████████░░░░░░░░░░░░░░░  41%  Streaming frame 419/1478
  ██████████░░░░░░░░░░░░░░░  41%  Streaming frame 420/1478
  ██████████░░░░░░░░░░░░░░░  41%  Streaming frame 421/1478
  ██████████░░░░░░░░░░░░░░░  41%  Streaming frame 422/1478
  ██████████░░░░░░░░░░░░░░░  41%  Streaming frame 423/1478
  ██████████░░░░░░░░░░░░░░░  41%  Streaming frame 424/1478
  ██████████░░░░░░░░░░░░░░░  41%  Streaming frame 425/1478
  ██████████░░░░░░░░░░░░░░░  41%  Streaming frame 426/1478
  ██████████░░░░░░░░░░░░░░░  41%  Streaming frame 427/1478
  ██████████░░░░░░░░░░░░░░░  41%  Streaming frame 428/1478
  ██████████░░░░░░░░░░░░░░░  41%  Streaming frame 429/1478
  ██████████░░░░░░░░░░░░░░░  41%  Streaming frame 430/1478
  ██████████░░░░░░░░░░░░░░░  41%  Streaming frame 431/1478
  ██████████░░░░░░░░░░░░░░░  41%  Streaming frame 432/1478
  ██████████░░░░░░░░░░░░░░░  41%  Streaming frame 433/1478
  ██████████░░░░░░░░░░░░░░░  41%  Streaming frame 434/1478
  ██████████░░░░░░░░░░░░░░░  41%  Streaming frame 435/1478
  ██████████░░░░░░░░░░░░░░░  41%  Streaming frame 436/1478
  ██████████░░░░░░░░░░░░░░░  41%  Streaming frame 437/1478
  ██████████░░░░░░░░░░░░░░░  41%  Streaming frame 438/1478
  ██████████░░░░░░░░░░░░░░░  41%  Streaming frame 439/1478
  ██████████░░░░░░░░░░░░░░░  41%  Streaming frame 440/1478
  ██████████░░░░░░░░░░░░░░░  41%  Streaming frame 441/1478
  ██████████░░░░░░░░░░░░░░░  41%  Streaming frame 442/1478
  ██████████░░░░░░░░░░░░░░░  41%  Streaming frame 443/1478
  ██████████░░░░░░░░░░░░░░░  42%  Streaming frame 444/1478
  ██████████░░░░░░░░░░░░░░░  42%  Streaming frame 445/1478
  ██████████░░░░░░░░░░░░░░░  42%  Streaming frame 446/1478
  ██████████░░░░░░░░░░░░░░░  42%  Streaming frame 447/1478
  ██████████░░░░░░░░░░░░░░░  42%  Streaming frame 448/1478
  ██████████░░░░░░░░░░░░░░░  42%  Streaming frame 449/1478
  ██████████░░░░░░░░░░░░░░░  42%  Streaming frame 450/1478
  ██████████░░░░░░░░░░░░░░░  42%  Streaming frame 451/1478
  ██████████░░░░░░░░░░░░░░░  42%  Streaming frame 452/1478
  ██████████░░░░░░░░░░░░░░░  42%  Streaming frame 453/1478
  ██████████░░░░░░░░░░░░░░░  42%  Streaming frame 454/1478
  ██████████░░░░░░░░░░░░░░░  42%  Streaming frame 455/1478
  ██████████░░░░░░░░░░░░░░░  42%  Streaming frame 456/1478
  ██████████░░░░░░░░░░░░░░░  42%  Streaming frame 457/1478
  ██████████░░░░░░░░░░░░░░░  42%  Streaming frame 458/1478
  ██████████░░░░░░░░░░░░░░░  42%  Streaming frame 459/1478
  ██████████░░░░░░░░░░░░░░░  42%  Streaming frame 460/1478
  ██████████░░░░░░░░░░░░░░░  42%  Streaming frame 461/1478
  ██████████░░░░░░░░░░░░░░░  42%  Streaming frame 462/1478
  ██████████░░░░░░░░░░░░░░░  42%  Streaming frame 463/1478
  ██████████░░░░░░░░░░░░░░░  42%  Streaming frame 464/1478
  ██████████░░░░░░░░░░░░░░░  42%  Streaming frame 465/1478
  ██████████░░░░░░░░░░░░░░░  42%  Streaming frame 466/1478
  ██████████░░░░░░░░░░░░░░░  42%  Streaming frame 467/1478
  ██████████░░░░░░░░░░░░░░░  42%  Streaming frame 468/1478
  ██████████░░░░░░░░░░░░░░░  42%  Streaming frame 469/1478
  ██████████░░░░░░░░░░░░░░░  42%  Streaming frame 470/1478
  ██████████░░░░░░░░░░░░░░░  43%  Streaming frame 471/1478
  ██████████░░░░░░░░░░░░░░░  43%  Streaming frame 472/1478
  ██████████░░░░░░░░░░░░░░░  43%  Streaming frame 473/1478
  ██████████░░░░░░░░░░░░░░░  43%  Streaming frame 474/1478
  ██████████░░░░░░░░░░░░░░░  43%  Streaming frame 475/1478
  ██████████░░░░░░░░░░░░░░░  43%  Streaming frame 476/1478
  ██████████░░░░░░░░░░░░░░░  43%  Streaming frame 477/1478
  ██████████░░░░░░░░░░░░░░░  43%  Streaming frame 478/1478
  ██████████░░░░░░░░░░░░░░░  43%  Streaming frame 479/1478
  ██████████░░░░░░░░░░░░░░░  43%  Streaming frame 480/1478
  ██████████░░░░░░░░░░░░░░░  43%  Streaming frame 481/1478
  ██████████░░░░░░░░░░░░░░░  43%  Streaming frame 482/1478
  ██████████░░░░░░░░░░░░░░░  43%  Streaming frame 483/1478
  ██████████░░░░░░░░░░░░░░░  43%  Streaming frame 484/1478
  ██████████░░░░░░░░░░░░░░░  43%  Streaming frame 485/1478
  ██████████░░░░░░░░░░░░░░░  43%  Streaming frame 486/1478
  ██████████░░░░░░░░░░░░░░░  43%  Streaming frame 487/1478
  ██████████░░░░░░░░░░░░░░░  43%  Streaming frame 488/1478
  ██████████░░░░░░░░░░░░░░░  43%  Streaming frame 489/1478
  ██████████░░░░░░░░░░░░░░░  43%  Streaming frame 490/1478
  ██████████░░░░░░░░░░░░░░░  43%  Streaming frame 491/1478
  ██████████░░░░░░░░░░░░░░░  43%  Streaming frame 492/1478
  ██████████░░░░░░░░░░░░░░░  43%  Streaming frame 493/1478
  ██████████░░░░░░░░░░░░░░░  43%  Streaming frame 494/1478
  ██████████░░░░░░░░░░░░░░░  43%  Streaming frame 495/1478
  ██████████░░░░░░░░░░░░░░░  43%  Streaming frame 496/1478
  ██████████░░░░░░░░░░░░░░░  43%  Streaming frame 497/1478
  ███████████░░░░░░░░░░░░░░  44%  Streaming frame 498/1478
  ███████████░░░░░░░░░░░░░░  44%  Streaming frame 499/1478
  ███████████░░░░░░░░░░░░░░  44%  Streaming frame 500/1478
  ███████████░░░░░░░░░░░░░░  44%  Streaming frame 501/1478
  ███████████░░░░░░░░░░░░░░  44%  Streaming frame 502/1478
  ███████████░░░░░░░░░░░░░░  44%  Streaming frame 503/1478
  ███████████░░░░░░░░░░░░░░  44%  Streaming frame 504/1478
  ███████████░░░░░░░░░░░░░░  44%  Streaming frame 505/1478
  ███████████░░░░░░░░░░░░░░  44%  Streaming frame 506/1478
  ███████████░░░░░░░░░░░░░░  44%  Streaming frame 507/1478
  ███████████░░░░░░░░░░░░░░  44%  Streaming frame 508/1478
  ███████████░░░░░░░░░░░░░░  44%  Streaming frame 509/1478
  ███████████░░░░░░░░░░░░░░  44%  Streaming frame 510/1478
  ███████████░░░░░░░░░░░░░░  44%  Streaming frame 511/1478
  ███████████░░░░░░░░░░░░░░  44%  Streaming frame 512/1478
  ███████████░░░░░░░░░░░░░░  44%  Streaming frame 513/1478
  ███████████░░░░░░░░░░░░░░  44%  Streaming frame 514/1478
  ███████████░░░░░░░░░░░░░░  44%  Streaming frame 515/1478
  ███████████░░░░░░░░░░░░░░  44%  Streaming frame 516/1478
  ███████████░░░░░░░░░░░░░░  44%  Streaming frame 517/1478
  ███████████░░░░░░░░░░░░░░  44%  Streaming frame 518/1478
  ███████████░░░░░░░░░░░░░░  44%  Streaming frame 519/1478
  ███████████░░░░░░░░░░░░░░  44%  Streaming frame 520/1478
  ███████████░░░░░░░░░░░░░░  44%  Streaming frame 521/1478
  ███████████░░░░░░░░░░░░░░  44%  Streaming frame 522/1478
  ███████████░░░░░░░░░░░░░░  44%  Streaming frame 523/1478
  ███████████░░░░░░░░░░░░░░  44%  Streaming frame 524/1478
  ███████████░░░░░░░░░░░░░░  45%  Streaming frame 525/1478
  ███████████░░░░░░░░░░░░░░  45%  Streaming frame 526/1478
  ███████████░░░░░░░░░░░░░░  45%  Streaming frame 527/1478
  ███████████░░░░░░░░░░░░░░  45%  Streaming frame 528/1478
  ███████████░░░░░░░░░░░░░░  45%  Streaming frame 529/1478
  ███████████░░░░░░░░░░░░░░  45%  Streaming frame 530/1478
  ███████████░░░░░░░░░░░░░░  45%  Streaming frame 531/1478
  ███████████░░░░░░░░░░░░░░  45%  Streaming frame 532/1478
  ███████████░░░░░░░░░░░░░░  45%  Streaming frame 533/1478
  ███████████░░░░░░░░░░░░░░  45%  Streaming frame 534/1478
  ███████████░░░░░░░░░░░░░░  45%  Streaming frame 535/1478
  ███████████░░░░░░░░░░░░░░  45%  Streaming frame 536/1478
  ███████████░░░░░░░░░░░░░░  45%  Streaming frame 537/1478
  ███████████░░░░░░░░░░░░░░  45%  Streaming frame 538/1478
  ███████████░░░░░░░░░░░░░░  45%  Streaming frame 539/1478
  ███████████░░░░░░░░░░░░░░  45%  Streaming frame 540/1478
  ███████████░░░░░░░░░░░░░░  45%  Streaming frame 541/1478
  ███████████░░░░░░░░░░░░░░  45%  Streaming frame 542/1478
  ███████████░░░░░░░░░░░░░░  45%  Streaming frame 543/1478
  ███████████░░░░░░░░░░░░░░  45%  Streaming frame 544/1478
  ███████████░░░░░░░░░░░░░░  45%  Streaming frame 545/1478
  ███████████░░░░░░░░░░░░░░  45%  Streaming frame 546/1478
  ███████████░░░░░░░░░░░░░░  45%  Streaming frame 547/1478
  ███████████░░░░░░░░░░░░░░  45%  Streaming frame 548/1478
  ███████████░░░░░░░░░░░░░░  45%  Streaming frame 549/1478
  ███████████░░░░░░░░░░░░░░  45%  Streaming frame 550/1478
  ███████████░░░░░░░░░░░░░░  46%  Streaming frame 551/1478
  ███████████░░░░░░░░░░░░░░  46%  Streaming frame 552/1478
  ███████████░░░░░░░░░░░░░░  46%  Streaming frame 553/1478
  ███████████░░░░░░░░░░░░░░  46%  Streaming frame 554/1478
  ███████████░░░░░░░░░░░░░░  46%  Streaming frame 555/1478
  ███████████░░░░░░░░░░░░░░  46%  Streaming frame 556/1478
  ███████████░░░░░░░░░░░░░░  46%  Streaming frame 557/1478
  ███████████░░░░░░░░░░░░░░  46%  Streaming frame 558/1478
  ███████████░░░░░░░░░░░░░░  46%  Streaming frame 559/1478
  ███████████░░░░░░░░░░░░░░  46%  Streaming frame 560/1478
  ███████████░░░░░░░░░░░░░░  46%  Streaming frame 561/1478
  ███████████░░░░░░░░░░░░░░  46%  Streaming frame 562/1478
  ███████████░░░░░░░░░░░░░░  46%  Streaming frame 563/1478
  ███████████░░░░░░░░░░░░░░  46%  Streaming frame 564/1478
  ███████████░░░░░░░░░░░░░░  46%  Streaming frame 565/1478
  ███████████░░░░░░░░░░░░░░  46%  Streaming frame 566/1478
  ███████████░░░░░░░░░░░░░░  46%  Streaming frame 567/1478
  ███████████░░░░░░░░░░░░░░  46%  Streaming frame 568/1478
  ███████████░░░░░░░░░░░░░░  46%  Streaming frame 569/1478
  ███████████░░░░░░░░░░░░░░  46%  Streaming frame 570/1478
  ███████████░░░░░░░░░░░░░░  46%  Streaming frame 571/1478
  ███████████░░░░░░░░░░░░░░  46%  Streaming frame 572/1478
  ███████████░░░░░░░░░░░░░░  46%  Streaming frame 573/1478
  ███████████░░░░░░░░░░░░░░  46%  Streaming frame 574/1478
  ███████████░░░░░░░░░░░░░░  46%  Streaming frame 575/1478
  ███████████░░░░░░░░░░░░░░  46%  Streaming frame 576/1478
  ███████████░░░░░░░░░░░░░░  46%  Streaming frame 577/1478
  ███████████░░░░░░░░░░░░░░  47%  Streaming frame 578/1478
  ███████████░░░░░░░░░░░░░░  47%  Streaming frame 579/1478
  ███████████░░░░░░░░░░░░░░  47%  Streaming frame 580/1478
  ███████████░░░░░░░░░░░░░░  47%  Streaming frame 581/1478
  ███████████░░░░░░░░░░░░░░  47%  Streaming frame 582/1478
  ███████████░░░░░░░░░░░░░░  47%  Streaming frame 583/1478
  ███████████░░░░░░░░░░░░░░  47%  Streaming frame 584/1478
  ███████████░░░░░░░░░░░░░░  47%  Streaming frame 585/1478
  ███████████░░░░░░░░░░░░░░  47%  Streaming frame 586/1478
  ███████████░░░░░░░░░░░░░░  47%  Streaming frame 587/1478
  ███████████░░░░░░░░░░░░░░  47%  Streaming frame 588/1478
  ███████████░░░░░░░░░░░░░░  47%  Streaming frame 589/1478
  ███████████░░░░░░░░░░░░░░  47%  Streaming frame 590/1478
  ███████████░░░░░░░░░░░░░░  47%  Streaming frame 591/1478
  ███████████░░░░░░░░░░░░░░  47%  Streaming frame 592/1478
  ███████████░░░░░░░░░░░░░░  47%  Streaming frame 593/1478
  ███████████░░░░░░░░░░░░░░  47%  Streaming frame 594/1478
  ███████████░░░░░░░░░░░░░░  47%  Streaming frame 595/1478
  ███████████░░░░░░░░░░░░░░  47%  Streaming frame 596/1478
  ███████████░░░░░░░░░░░░░░  47%  Streaming frame 597/1478
  ███████████░░░░░░░░░░░░░░  47%  Streaming frame 598/1478
  ███████████░░░░░░░░░░░░░░  47%  Streaming frame 599/1478
  ███████████░░░░░░░░░░░░░░  47%  Streaming frame 600/1478
  ███████████░░░░░░░░░░░░░░  47%  Streaming frame 601/1478
  ███████████░░░░░░░░░░░░░░  47%  Streaming frame 602/1478
  ███████████░░░░░░░░░░░░░░  47%  Streaming frame 603/1478
  ███████████░░░░░░░░░░░░░░  47%  Streaming frame 604/1478
  ████████████░░░░░░░░░░░░░  48%  Streaming frame 605/1478
  ████████████░░░░░░░░░░░░░  48%  Streaming frame 606/1478
  ████████████░░░░░░░░░░░░░  48%  Streaming frame 607/1478
  ████████████░░░░░░░░░░░░░  48%  Streaming frame 608/1478
  ████████████░░░░░░░░░░░░░  48%  Streaming frame 609/1478
  ████████████░░░░░░░░░░░░░  48%  Streaming frame 610/1478
  ████████████░░░░░░░░░░░░░  48%  Streaming frame 611/1478
  ████████████░░░░░░░░░░░░░  48%  Streaming frame 612/1478
  ████████████░░░░░░░░░░░░░  48%  Streaming frame 613/1478
  ████████████░░░░░░░░░░░░░  48%  Streaming frame 614/1478
  ████████████░░░░░░░░░░░░░  48%  Streaming frame 615/1478
  ████████████░░░░░░░░░░░░░  48%  Streaming frame 616/1478
  ████████████░░░░░░░░░░░░░  48%  Streaming frame 617/1478
  ████████████░░░░░░░░░░░░░  48%  Streaming frame 618/1478
  ████████████░░░░░░░░░░░░░  48%  Streaming frame 619/1478
  ████████████░░░░░░░░░░░░░  48%  Streaming frame 620/1478
  ████████████░░░░░░░░░░░░░  48%  Streaming frame 621/1478
  ████████████░░░░░░░░░░░░░  48%  Streaming frame 622/1478
  ████████████░░░░░░░░░░░░░  48%  Streaming frame 623/1478
  ████████████░░░░░░░░░░░░░  48%  Streaming frame 624/1478
  ████████████░░░░░░░░░░░░░  48%  Streaming frame 625/1478
  ████████████░░░░░░░░░░░░░  48%  Streaming frame 626/1478
  ████████████░░░░░░░░░░░░░  48%  Streaming frame 627/1478
  ████████████░░░░░░░░░░░░░  48%  Streaming frame 628/1478
  ████████████░░░░░░░░░░░░░  48%  Streaming frame 629/1478
  ████████████░░░░░░░░░░░░░  48%  Streaming frame 630/1478
  ████████████░░░░░░░░░░░░░  48%  Streaming frame 631/1478
  ████████████░░░░░░░░░░░░░  49%  Streaming frame 632/1478
  ████████████░░░░░░░░░░░░░  49%  Streaming frame 633/1478
  ████████████░░░░░░░░░░░░░  49%  Streaming frame 634/1478
  ████████████░░░░░░░░░░░░░  49%  Streaming frame 635/1478
  ████████████░░░░░░░░░░░░░  49%  Streaming frame 636/1478
  ████████████░░░░░░░░░░░░░  49%  Streaming frame 637/1478
  ████████████░░░░░░░░░░░░░  49%  Streaming frame 638/1478
[INFO] [Render:trace] {"renderJobId":"cc3629c8-09c4-404b-967e-742bceabce52","phase":"capture_streaming","status":"checkpoint","elapsedMs":67124,"message":"stage still running","stagePhase":"capturing","workerCount":1,"forceScreenshot":false,"totalFrames":1478,"framesCompleted":638,"captureMode":"beginframe","captureOperation":"beginFrame","heartbeatIndex":2,"stageElapsedMs":60020}
  ████████████░░░░░░░░░░░░░  49%  Streaming frame 639/1478
  ████████████░░░░░░░░░░░░░  49%  Streaming frame 640/1478
  ████████████░░░░░░░░░░░░░  49%  Streaming frame 641/1478
  ████████████░░░░░░░░░░░░░  49%  Streaming frame 642/1478
  ████████████░░░░░░░░░░░░░  49%  Streaming frame 643/1478
  ████████████░░░░░░░░░░░░░  49%  Streaming frame 644/1478
  ████████████░░░░░░░░░░░░░  49%  Streaming frame 645/1478
  ████████████░░░░░░░░░░░░░  49%  Streaming frame 646/1478
  ████████████░░░░░░░░░░░░░  49%  Streaming frame 647/1478
  ████████████░░░░░░░░░░░░░  49%  Streaming frame 648/1478
  ████████████░░░░░░░░░░░░░  49%  Streaming frame 649/1478
  ████████████░░░░░░░░░░░░░  49%  Streaming frame 650/1478
  ████████████░░░░░░░░░░░░░  49%  Streaming frame 651/1478
  ████████████░░░░░░░░░░░░░  49%  Streaming frame 652/1478
  ████████████░░░░░░░░░░░░░  49%  Streaming frame 653/1478
  ████████████░░░░░░░░░░░░░  49%  Streaming frame 654/1478
  ████████████░░░░░░░░░░░░░  49%  Streaming frame 655/1478
  ████████████░░░░░░░░░░░░░  49%  Streaming frame 656/1478
  ████████████░░░░░░░░░░░░░  49%  Streaming frame 657/1478
  ████████████░░░░░░░░░░░░░  49%  Streaming frame 658/1478
  ████████████░░░░░░░░░░░░░  50%  Streaming frame 659/1478
  ████████████░░░░░░░░░░░░░  50%  Streaming frame 660/1478
  ████████████░░░░░░░░░░░░░  50%  Streaming frame 661/1478
  ████████████░░░░░░░░░░░░░  50%  Streaming frame 662/1478
  ████████████░░░░░░░░░░░░░  50%  Streaming frame 663/1478
  ████████████░░░░░░░░░░░░░  50%  Streaming frame 664/1478
  ████████████░░░░░░░░░░░░░  50%  Streaming frame 665/1478
  ████████████░░░░░░░░░░░░░  50%  Streaming frame 666/1478
  ████████████░░░░░░░░░░░░░  50%  Streaming frame 667/1478
  ████████████░░░░░░░░░░░░░  50%  Streaming frame 668/1478
  ████████████░░░░░░░░░░░░░  50%  Streaming frame 669/1478
  ████████████░░░░░░░░░░░░░  50%  Streaming frame 670/1478
  ████████████░░░░░░░░░░░░░  50%  Streaming frame 671/1478
  ████████████░░░░░░░░░░░░░  50%  Streaming frame 672/1478
  ████████████░░░░░░░░░░░░░  50%  Streaming frame 673/1478
  ████████████░░░░░░░░░░░░░  50%  Streaming frame 674/1478
  ████████████░░░░░░░░░░░░░  50%  Streaming frame 675/1478
  ████████████░░░░░░░░░░░░░  50%  Streaming frame 676/1478
  ████████████░░░░░░░░░░░░░  50%  Streaming frame 677/1478
  ████████████░░░░░░░░░░░░░  50%  Streaming frame 678/1478
  ████████████░░░░░░░░░░░░░  50%  Streaming frame 679/1478
  ████████████░░░░░░░░░░░░░  50%  Streaming frame 680/1478
  ████████████░░░░░░░░░░░░░  50%  Streaming frame 681/1478
  ████████████░░░░░░░░░░░░░  50%  Streaming frame 682/1478
  ████████████░░░░░░░░░░░░░  50%  Streaming frame 683/1478
  ████████████░░░░░░░░░░░░░  50%  Streaming frame 684/1478
  ████████████░░░░░░░░░░░░░  50%  Streaming frame 685/1478
  ████████████░░░░░░░░░░░░░  51%  Streaming frame 686/1478
  ████████████░░░░░░░░░░░░░  51%  Streaming frame 687/1478
  ████████████░░░░░░░░░░░░░  51%  Streaming frame 688/1478
  ████████████░░░░░░░░░░░░░  51%  Streaming frame 689/1478
  ████████████░░░░░░░░░░░░░  51%  Streaming frame 690/1478
  ████████████░░░░░░░░░░░░░  51%  Streaming frame 691/1478
  ████████████░░░░░░░░░░░░░  51%  Streaming frame 692/1478
  ████████████░░░░░░░░░░░░░  51%  Streaming frame 693/1478
  ████████████░░░░░░░░░░░░░  51%  Streaming frame 694/1478
  ████████████░░░░░░░░░░░░░  51%  Streaming frame 695/1478
  ████████████░░░░░░░░░░░░░  51%  Streaming frame 696/1478
  ████████████░░░░░░░░░░░░░  51%  Streaming frame 697/1478
  ████████████░░░░░░░░░░░░░  51%  Streaming frame 698/1478
  ████████████░░░░░░░░░░░░░  51%  Streaming frame 699/1478
  ████████████░░░░░░░░░░░░░  51%  Streaming frame 700/1478
  ████████████░░░░░░░░░░░░░  51%  Streaming frame 701/1478
  ████████████░░░░░░░░░░░░░  51%  Streaming frame 702/1478
  ████████████░░░░░░░░░░░░░  51%  Streaming frame 703/1478
  ████████████░░░░░░░░░░░░░  51%  Streaming frame 704/1478
  ████████████░░░░░░░░░░░░░  51%  Streaming frame 705/1478
  ████████████░░░░░░░░░░░░░  51%  Streaming frame 706/1478
  ████████████░░░░░░░░░░░░░  51%  Streaming frame 707/1478
  ████████████░░░░░░░░░░░░░  51%  Streaming frame 708/1478
  ████████████░░░░░░░░░░░░░  51%  Streaming frame 709/1478
  ████████████░░░░░░░░░░░░░  51%  Streaming frame 710/1478
  ████████████░░░░░░░░░░░░░  51%  Streaming frame 711/1478
  ████████████░░░░░░░░░░░░░  51%  Streaming frame 712/1478
  █████████████░░░░░░░░░░░░  52%  Streaming frame 713/1478
  █████████████░░░░░░░░░░░░  52%  Streaming frame 714/1478
  █████████████░░░░░░░░░░░░  52%  Streaming frame 715/1478
  █████████████░░░░░░░░░░░░  52%  Streaming frame 716/1478
  █████████████░░░░░░░░░░░░  52%  Streaming frame 717/1478
  █████████████░░░░░░░░░░░░  52%  Streaming frame 718/1478
  █████████████░░░░░░░░░░░░  52%  Streaming frame 719/1478
  █████████████░░░░░░░░░░░░  52%  Streaming frame 720/1478
  █████████████░░░░░░░░░░░░  52%  Streaming frame 721/1478
  █████████████░░░░░░░░░░░░  52%  Streaming frame 722/1478
  █████████████░░░░░░░░░░░░  52%  Streaming frame 723/1478
  █████████████░░░░░░░░░░░░  52%  Streaming frame 724/1478
  █████████████░░░░░░░░░░░░  52%  Streaming frame 725/1478
  █████████████░░░░░░░░░░░░  52%  Streaming frame 726/1478
  █████████████░░░░░░░░░░░░  52%  Streaming frame 727/1478
  █████████████░░░░░░░░░░░░  52%  Streaming frame 728/1478
  █████████████░░░░░░░░░░░░  52%  Streaming frame 729/1478
  █████████████░░░░░░░░░░░░  52%  Streaming frame 730/1478
  █████████████░░░░░░░░░░░░  52%  Streaming frame 731/1478
  █████████████░░░░░░░░░░░░  52%  Streaming frame 732/1478
  █████████████░░░░░░░░░░░░  52%  Streaming frame 733/1478
  █████████████░░░░░░░░░░░░  52%  Streaming frame 734/1478
  █████████████░░░░░░░░░░░░  52%  Streaming frame 735/1478
  █████████████░░░░░░░░░░░░  52%  Streaming frame 736/1478
  █████████████░░░░░░░░░░░░  52%  Streaming frame 737/1478
  █████████████░░░░░░░░░░░░  52%  Streaming frame 738/1478
  █████████████░░░░░░░░░░░░  53%  Streaming frame 739/1478
  █████████████░░░░░░░░░░░░  53%  Streaming frame 740/1478
  █████████████░░░░░░░░░░░░  53%  Streaming frame 741/1478
  █████████████░░░░░░░░░░░░  53%  Streaming frame 742/1478
  █████████████░░░░░░░░░░░░  53%  Streaming frame 743/1478
  █████████████░░░░░░░░░░░░  53%  Streaming frame 744/1478
  █████████████░░░░░░░░░░░░  53%  Streaming frame 745/1478
  █████████████░░░░░░░░░░░░  53%  Streaming frame 746/1478
  █████████████░░░░░░░░░░░░  53%  Streaming frame 747/1478
  █████████████░░░░░░░░░░░░  53%  Streaming frame 748/1478
  █████████████░░░░░░░░░░░░  53%  Streaming frame 749/1478
  █████████████░░░░░░░░░░░░  53%  Streaming frame 750/1478
  █████████████░░░░░░░░░░░░  53%  Streaming frame 751/1478
  █████████████░░░░░░░░░░░░  53%  Streaming frame 752/1478
  █████████████░░░░░░░░░░░░  53%  Streaming frame 753/1478
  █████████████░░░░░░░░░░░░  53%  Streaming frame 754/1478
  █████████████░░░░░░░░░░░░  53%  Streaming frame 755/1478
  █████████████░░░░░░░░░░░░  53%  Streaming frame 756/1478
  █████████████░░░░░░░░░░░░  53%  Streaming frame 757/1478
  █████████████░░░░░░░░░░░░  53%  Streaming frame 758/1478
  █████████████░░░░░░░░░░░░  53%  Streaming frame 759/1478
  █████████████░░░░░░░░░░░░  53%  Streaming frame 760/1478
  █████████████░░░░░░░░░░░░  53%  Streaming frame 761/1478
  █████████████░░░░░░░░░░░░  53%  Streaming frame 762/1478
  █████████████░░░░░░░░░░░░  53%  Streaming frame 763/1478
  █████████████░░░░░░░░░░░░  53%  Streaming frame 764/1478
  █████████████░░░░░░░░░░░░  53%  Streaming frame 765/1478
  █████████████░░░░░░░░░░░░  54%  Streaming frame 766/1478
  █████████████░░░░░░░░░░░░  54%  Streaming frame 767/1478
  █████████████░░░░░░░░░░░░  54%  Streaming frame 768/1478
  █████████████░░░░░░░░░░░░  54%  Streaming frame 769/1478
  █████████████░░░░░░░░░░░░  54%  Streaming frame 770/1478
  █████████████░░░░░░░░░░░░  54%  Streaming frame 771/1478
  █████████████░░░░░░░░░░░░  54%  Streaming frame 772/1478
  █████████████░░░░░░░░░░░░  54%  Streaming frame 773/1478
  █████████████░░░░░░░░░░░░  54%  Streaming frame 774/1478
  █████████████░░░░░░░░░░░░  54%  Streaming frame 775/1478
  █████████████░░░░░░░░░░░░  54%  Streaming frame 776/1478
  █████████████░░░░░░░░░░░░  54%  Streaming frame 777/1478
  █████████████░░░░░░░░░░░░  54%  Streaming frame 778/1478
  █████████████░░░░░░░░░░░░  54%  Streaming frame 779/1478
  █████████████░░░░░░░░░░░░  54%  Streaming frame 780/1478
  █████████████░░░░░░░░░░░░  54%  Streaming frame 781/1478
  █████████████░░░░░░░░░░░░  54%  Streaming frame 782/1478
  █████████████░░░░░░░░░░░░  54%  Streaming frame 783/1478
  █████████████░░░░░░░░░░░░  54%  Streaming frame 784/1478
  █████████████░░░░░░░░░░░░  54%  Streaming frame 785/1478
  █████████████░░░░░░░░░░░░  54%  Streaming frame 786/1478
  █████████████░░░░░░░░░░░░  54%  Streaming frame 787/1478
  █████████████░░░░░░░░░░░░  54%  Streaming frame 788/1478
  █████████████░░░░░░░░░░░░  54%  Streaming frame 789/1478
  █████████████░░░░░░░░░░░░  54%  Streaming frame 790/1478
  █████████████░░░░░░░░░░░░  54%  Streaming frame 791/1478
  █████████████░░░░░░░░░░░░  54%  Streaming frame 792/1478
  █████████████░░░░░░░░░░░░  55%  Streaming frame 793/1478
  █████████████░░░░░░░░░░░░  55%  Streaming frame 794/1478
  █████████████░░░░░░░░░░░░  55%  Streaming frame 795/1478
  █████████████░░░░░░░░░░░░  55%  Streaming frame 796/1478
  █████████████░░░░░░░░░░░░  55%  Streaming frame 797/1478
  █████████████░░░░░░░░░░░░  55%  Streaming frame 798/1478
  █████████████░░░░░░░░░░░░  55%  Streaming frame 799/1478
  █████████████░░░░░░░░░░░░  55%  Streaming frame 800/1478
  █████████████░░░░░░░░░░░░  55%  Streaming frame 801/1478
  █████████████░░░░░░░░░░░░  55%  Streaming frame 802/1478
  █████████████░░░░░░░░░░░░  55%  Streaming frame 803/1478
  █████████████░░░░░░░░░░░░  55%  Streaming frame 804/1478
  █████████████░░░░░░░░░░░░  55%  Streaming frame 805/1478
  █████████████░░░░░░░░░░░░  55%  Streaming frame 806/1478
  █████████████░░░░░░░░░░░░  55%  Streaming frame 807/1478
  █████████████░░░░░░░░░░░░  55%  Streaming frame 808/1478
  █████████████░░░░░░░░░░░░  55%  Streaming frame 809/1478
  █████████████░░░░░░░░░░░░  55%  Streaming frame 810/1478
  █████████████░░░░░░░░░░░░  55%  Streaming frame 811/1478
  █████████████░░░░░░░░░░░░  55%  Streaming frame 812/1478
  █████████████░░░░░░░░░░░░  55%  Streaming frame 813/1478
  █████████████░░░░░░░░░░░░  55%  Streaming frame 814/1478
  █████████████░░░░░░░░░░░░  55%  Streaming frame 815/1478
  █████████████░░░░░░░░░░░░  55%  Streaming frame 816/1478
  █████████████░░░░░░░░░░░░  55%  Streaming frame 817/1478
  █████████████░░░░░░░░░░░░  55%  Streaming frame 818/1478
  █████████████░░░░░░░░░░░░  55%  Streaming frame 819/1478
  ██████████████░░░░░░░░░░░  56%  Streaming frame 820/1478
  ██████████████░░░░░░░░░░░  56%  Streaming frame 821/1478
  ██████████████░░░░░░░░░░░  56%  Streaming frame 822/1478
  ██████████████░░░░░░░░░░░  56%  Streaming frame 823/1478
  ██████████████░░░░░░░░░░░  56%  Streaming frame 824/1478
  ██████████████░░░░░░░░░░░  56%  Streaming frame 825/1478
  ██████████████░░░░░░░░░░░  56%  Streaming frame 826/1478
  ██████████████░░░░░░░░░░░  56%  Streaming frame 827/1478
  ██████████████░░░░░░░░░░░  56%  Streaming frame 828/1478
  ██████████████░░░░░░░░░░░  56%  Streaming frame 829/1478
  ██████████████░░░░░░░░░░░  56%  Streaming frame 830/1478
  ██████████████░░░░░░░░░░░  56%  Streaming frame 831/1478
  ██████████████░░░░░░░░░░░  56%  Streaming frame 832/1478
  ██████████████░░░░░░░░░░░  56%  Streaming frame 833/1478
  ██████████████░░░░░░░░░░░  56%  Streaming frame 834/1478
  ██████████████░░░░░░░░░░░  56%  Streaming frame 835/1478
  ██████████████░░░░░░░░░░░  56%  Streaming frame 836/1478
  ██████████████░░░░░░░░░░░  56%  Streaming frame 837/1478
  ██████████████░░░░░░░░░░░  56%  Streaming frame 838/1478
  ██████████████░░░░░░░░░░░  56%  Streaming frame 839/1478
  ██████████████░░░░░░░░░░░  56%  Streaming frame 840/1478
  ██████████████░░░░░░░░░░░  56%  Streaming frame 841/1478
  ██████████████░░░░░░░░░░░  56%  Streaming frame 842/1478
  ██████████████░░░░░░░░░░░  56%  Streaming frame 843/1478
  ██████████████░░░░░░░░░░░  56%  Streaming frame 844/1478
  ██████████████░░░░░░░░░░░  56%  Streaming frame 845/1478
  ██████████████░░░░░░░░░░░  56%  Streaming frame 846/1478
